<?xml version="1.0" encoding="UTF-8"?>
<testsuite name="se.nackademin.librarytest.SelenideTest" time="14.375" tests="1" errors="0" skipped="0" failures="1">
  <properties>
    <property name="java.runtime.name" value="Java(TM) SE Runtime Environment"/>
    <property name="sun.boot.library.path" value="/usr/lib/jvm/java-8-oracle/jre/lib/i386"/>
    <property name="java.vm.version" value="25.121-b13"/>
    <property name="java.vm.vendor" value="Oracle Corporation"/>
    <property name="maven.multiModuleProjectDirectory" value="/home/testautom-nack/NetBeansProjects/selenidetest"/>
    <property name="java.vendor.url" value="http://java.oracle.com/"/>
    <property name="path.separator" value=":"/>
    <property name="guice.disable.misplaced.annotation.check" value="true"/>
    <property name="java.vm.name" value="Java HotSpot(TM) Client VM"/>
    <property name="file.encoding.pkg" value="sun.io"/>
    <property name="user.country" value="US"/>
    <property name="sun.java.launcher" value="SUN_STANDARD"/>
    <property name="sun.os.patch.level" value="unknown"/>
    <property name="test" value="se.nackademin.librarytest.SelenideTest#testBorrowBook"/>
    <property name="java.vm.specification.name" value="Java Virtual Machine Specification"/>
    <property name="user.dir" value="/home/testautom-nack/NetBeansProjects/selenidetest"/>
    <property name="java.runtime.version" value="1.8.0_121-b13"/>
    <property name="java.awt.graphicsenv" value="sun.awt.X11GraphicsEnvironment"/>
    <property name="java.endorsed.dirs" value="/usr/lib/jvm/java-8-oracle/jre/lib/endorsed"/>
    <property name="os.arch" value="i386"/>
    <property name="java.io.tmpdir" value="/tmp"/>
    <property name="line.separator" value="&#10;"/>
    <property name="java.vm.specification.vendor" value="Oracle Corporation"/>
    <property name="os.name" value="Linux"/>
    <property name="maven.ext.class.path" value="/home/testautom-nack/netbeans-8.2/java/maven-nblib/netbeans-eventspy.jar"/>
    <property name="classworlds.conf" value="/usr/share/maven/bin/m2.conf"/>
    <property name="sun.jnu.encoding" value="UTF-8"/>
    <property name="java.library.path" value="/usr/lib/jvm/java-8-oracle/jre/lib/amd64:/usr/lib/jvm/java-8-oracle/jre/lib/i386::/usr/java/packages/lib/i386:/lib:/usr/lib"/>
    <property name="java.specification.name" value="Java Platform API Specification"/>
    <property name="java.class.version" value="52.0"/>
    <property name="sun.management.compiler" value="HotSpot Client Compiler"/>
    <property name="os.version" value="4.4.0-78-generic"/>
    <property name="user.home" value="/home/testautom-nack"/>
    <property name="user.timezone" value="Europe/Stockholm"/>
    <property name="java.awt.printerjob" value="sun.print.PSPrinterJob"/>
    <property name="java.specification.version" value="1.8"/>
    <property name="file.encoding" value="UTF-8"/>
    <property name="user.name" value="testautom-nack"/>
    <property name="java.class.path" value="/usr/share/maven/boot/plexus-classworlds-2.x.jar"/>
    <property name="java.vm.specification.version" value="1.8"/>
    <property name="sun.arch.data.model" value="32"/>
    <property name="java.home" value="/usr/lib/jvm/java-8-oracle/jre"/>
    <property name="sun.java.command" value="org.codehaus.plexus.classworlds.launcher.Launcher -Dtest=se.nackademin.librarytest.SelenideTest#testBorrowBook -Dmaven.ext.class.path=/home/testautom-nack/netbeans-8.2/java/maven-nblib/netbeans-eventspy.jar surefire:test"/>
    <property name="java.specification.vendor" value="Oracle Corporation"/>
    <property name="user.language" value="en"/>
    <property name="awt.toolkit" value="sun.awt.X11.XToolkit"/>
    <property name="java.vm.info" value="mixed mode"/>
    <property name="java.version" value="1.8.0_121"/>
    <property name="java.ext.dirs" value="/usr/lib/jvm/java-8-oracle/jre/lib/ext:/usr/java/packages/lib/ext"/>
    <property name="securerandom.source" value="file:/dev/./urandom"/>
    <property name="sun.boot.class.path" value="/usr/lib/jvm/java-8-oracle/jre/lib/resources.jar:/usr/lib/jvm/java-8-oracle/jre/lib/rt.jar:/usr/lib/jvm/java-8-oracle/jre/lib/sunrsasign.jar:/usr/lib/jvm/java-8-oracle/jre/lib/jsse.jar:/usr/lib/jvm/java-8-oracle/jre/lib/jce.jar:/usr/lib/jvm/java-8-oracle/jre/lib/charsets.jar:/usr/lib/jvm/java-8-oracle/jre/lib/jfr.jar:/usr/lib/jvm/java-8-oracle/jre/classes"/>
    <property name="java.vendor" value="Oracle Corporation"/>
    <property name="maven.home" value="/usr/share/maven"/>
    <property name="file.separator" value="/"/>
    <property name="java.vendor.url.bug" value="http://bugreport.sun.com/bugreport/"/>
    <property name="sun.cpu.endian" value="little"/>
    <property name="sun.io.unicode.encoding" value="UnicodeLittle"/>
    <property name="sun.desktop" value="gnome"/>
    <property name="sun.cpu.isalist" value=""/>
  </properties>
  <testcase name="testBorrowBook" classname="se.nackademin.librarytest.SelenideTest" time="14.375">
    <failure message="Element not found {#gwt-uid-3}&#10;Expected: exist" type="com.codeborne.selenide.ex.ElementNotFound">com.codeborne.selenide.ex.ElementNotFound: Element not found {#gwt-uid-3}
Expected: exist
	at sun.reflect.GeneratedConstructorAccessor11.newInstance(Unknown Source)
	at sun.reflect.DelegatingConstructorAccessorImpl.newInstance(DelegatingConstructorAccessorImpl.java:45)
	at java.lang.reflect.Constructor.newInstance(Constructor.java:423)
	at org.openqa.selenium.remote.ErrorHandler.createThrowable(ErrorHandler.java:206)
	at org.openqa.selenium.remote.ErrorHandler.throwIfResponseFailed(ErrorHandler.java:158)
	at org.openqa.selenium.remote.RemoteWebDriver.execute(RemoteWebDriver.java:678)
	at org.openqa.selenium.remote.RemoteWebDriver.findElement(RemoteWebDriver.java:363)
	at org.openqa.selenium.remote.RemoteWebDriver.findElementByCssSelector(RemoteWebDriver.java:492)
	at org.openqa.selenium.By$ByCssSelector.findElement(By.java:430)
	at org.openqa.selenium.remote.RemoteWebDriver.findElement(RemoteWebDriver.java:355)
	at com.codeborne.selenide.impl.WebElementSelector.findElement(WebElementSelector.java:28)
	at com.codeborne.selenide.impl.ElementFinder.getWebElement(ElementFinder.java:56)
	at com.codeborne.selenide.impl.SelenideElementProxy.dispatchAndRetry(SelenideElementProxy.java:85)
	at com.codeborne.selenide.impl.SelenideElementProxy.invoke(SelenideElementProxy.java:58)
	at com.sun.proxy.$Proxy8.clear(Unknown Source)
	at se.nackademin.librarytest.pages.BrowseBooksPage.setTitleFiled(BrowseBooksPage.java:23)
	at se.nackademin.librarytest.helpers.BookHelper.fetchBook(BookHelper.java:29)
	at se.nackademin.librarytest.SelenideTest.testBorrowBook(SelenideTest.java:221)
</failure>
    <system-err><![CDATA[Starting ChromeDriver 2.29.461599 (8cfe70b3bca63aec509c39bf48c384e7eba3372b) on port 14074
Only local connections are allowed.
May 24, 2017 11:50:50 AM com.codeborne.selenide.webdriver.WebDriverFactory createWebDriver
INFO: BrowserName=chrome Version=58.0.3029.110 Platform=LINUX
May 24, 2017 11:50:50 AM com.codeborne.selenide.webdriver.WebDriverFactory createWebDriver
INFO: Selenide v. 3.5.1
May 24, 2017 11:50:50 AM com.codeborne.selenide.webdriver.WebDriverFactory createWebDriver
INFO: Selenium WebDriver v. 2.53.0 build time: 2016-03-15 10:43:46
May 24, 2017 11:50:50 AM com.codeborne.selenide.impl.WebDriverThreadLocalContainer createDriver
INFO: Create webdriver in current thread 1: ChromeDriver -> ChromeDriver: chrome on LINUX (d60ea6048bdf9f8c400f4ee2808b96ec)
May 24, 2017 11:50:50 AM se.nackademin.librarytest.pages.PageBase clickButton
INFO: Clicking{0}Add user
May 24, 2017 11:50:53 AM se.nackademin.librarytest.pages.PageBase setTextFieldValue
INFO: settingnUser name filedto1a728d03-490f-48e0-a4cf-0a8b32ad4c60
May 24, 2017 11:50:53 AM se.nackademin.librarytest.pages.PageBase setTextFieldValue
INFO: settingnPassword filedto1a728d03-490f-48e0-a4cf-0a8b32ad4c60
May 24, 2017 11:50:54 AM se.nackademin.librarytest.pages.PageBase clickButton
INFO: Clicking{0}Add user button
May 24, 2017 11:50:54 AM se.nackademin.librarytest.pages.PageBase clickButton
INFO: Clicking{0}Sign in
May 24, 2017 11:50:57 AM se.nackademin.librarytest.pages.PageBase clickButton
INFO: Clicking{0}Browse Books
]]></system-err>
  </testcase>
</testsuite>