<?xml version="1.0" encoding="UTF-8"?>
<testsuite name="se.nackademin.librarytest.librarytestsystem.librarytestsystem.LoanRestServiceTest" time="2.406" tests="9" errors="0" skipped="1" failures="4">
  <properties>
    <property name="java.runtime.name" value="Java(TM) SE Runtime Environment"/>
    <property name="sun.boot.library.path" value="/usr/lib/jvm/java-8-oracle/jre/lib/i386"/>
    <property name="java.vm.version" value="25.121-b13"/>
    <property name="java.vm.vendor" value="Oracle Corporation"/>
    <property name="maven.multiModuleProjectDirectory" value="/home/testautom-nack/NetBeansProjects/librarytest/librarytestsystem"/>
    <property name="java.vendor.url" value="http://java.oracle.com/"/>
    <property name="path.separator" value=":"/>
    <property name="guice.disable.misplaced.annotation.check" value="true"/>
    <property name="java.vm.name" value="Java HotSpot(TM) Client VM"/>
    <property name="file.encoding.pkg" value="sun.io"/>
    <property name="user.country" value="US"/>
    <property name="sun.java.launcher" value="SUN_STANDARD"/>
    <property name="sun.os.patch.level" value="unknown"/>
    <property name="test" value="se.nackademin.librarytest.librarytestsystem.librarytestsystem.LoanRestServiceTest"/>
    <property name="java.vm.specification.name" value="Java Virtual Machine Specification"/>
    <property name="user.dir" value="/home/testautom-nack/NetBeansProjects/librarytest/librarytestsystem"/>
    <property name="java.runtime.version" value="1.8.0_121-b13"/>
    <property name="java.awt.graphicsenv" value="sun.awt.X11GraphicsEnvironment"/>
    <property name="java.endorsed.dirs" value="/usr/lib/jvm/java-8-oracle/jre/lib/endorsed"/>
    <property name="os.arch" value="i386"/>
    <property name="java.io.tmpdir" value="/tmp"/>
    <property name="line.separator" value="&#10;"/>
    <property name="java.vm.specification.vendor" value="Oracle Corporation"/>
    <property name="os.name" value="Linux"/>
    <property name="maven.ext.class.path" value="/home/testautom-nack/netbeans-8.2/java/maven-nblib/netbeans-eventspy.jar"/>
    <property name="classworlds.conf" value="/usr/share/maven/bin/m2.conf"/>
    <property name="sun.jnu.encoding" value="UTF-8"/>
    <property name="java.library.path" value="/usr/lib/jvm/java-8-oracle/jre/lib/amd64:/usr/lib/jvm/java-8-oracle/jre/lib/i386::/usr/java/packages/lib/i386:/lib:/usr/lib"/>
    <property name="java.specification.name" value="Java Platform API Specification"/>
    <property name="java.class.version" value="52.0"/>
    <property name="sun.management.compiler" value="HotSpot Client Compiler"/>
    <property name="os.version" value="4.4.0-79-generic"/>
    <property name="user.home" value="/home/testautom-nack"/>
    <property name="user.timezone" value="Europe/Stockholm"/>
    <property name="java.awt.printerjob" value="sun.print.PSPrinterJob"/>
    <property name="java.specification.version" value="1.8"/>
    <property name="file.encoding" value="UTF-8"/>
    <property name="user.name" value="testautom-nack"/>
    <property name="java.class.path" value="/usr/share/maven/boot/plexus-classworlds-2.x.jar"/>
    <property name="java.vm.specification.version" value="1.8"/>
    <property name="sun.arch.data.model" value="32"/>
    <property name="java.home" value="/usr/lib/jvm/java-8-oracle/jre"/>
    <property name="sun.java.command" value="org.codehaus.plexus.classworlds.launcher.Launcher -Dtest=se.nackademin.librarytest.librarytestsystem.librarytestsystem.LoanRestServiceTest -Dmaven.ext.class.path=/home/testautom-nack/netbeans-8.2/java/maven-nblib/netbeans-eventspy.jar surefire:test"/>
    <property name="java.specification.vendor" value="Oracle Corporation"/>
    <property name="user.language" value="en"/>
    <property name="awt.toolkit" value="sun.awt.X11.XToolkit"/>
    <property name="java.vm.info" value="mixed mode"/>
    <property name="java.version" value="1.8.0_121"/>
    <property name="java.ext.dirs" value="/usr/lib/jvm/java-8-oracle/jre/lib/ext:/usr/java/packages/lib/ext"/>
    <property name="securerandom.source" value="file:/dev/./urandom"/>
    <property name="sun.boot.class.path" value="/usr/lib/jvm/java-8-oracle/jre/lib/resources.jar:/usr/lib/jvm/java-8-oracle/jre/lib/rt.jar:/usr/lib/jvm/java-8-oracle/jre/lib/sunrsasign.jar:/usr/lib/jvm/java-8-oracle/jre/lib/jsse.jar:/usr/lib/jvm/java-8-oracle/jre/lib/jce.jar:/usr/lib/jvm/java-8-oracle/jre/lib/charsets.jar:/usr/lib/jvm/java-8-oracle/jre/lib/jfr.jar:/usr/lib/jvm/java-8-oracle/jre/classes"/>
    <property name="java.vendor" value="Oracle Corporation"/>
    <property name="maven.home" value="/usr/share/maven"/>
    <property name="file.separator" value="/"/>
    <property name="java.vendor.url.bug" value="http://bugreport.sun.com/bugreport/"/>
    <property name="sun.cpu.endian" value="little"/>
    <property name="sun.io.unicode.encoding" value="UnicodeLittle"/>
    <property name="sun.desktop" value="gnome"/>
    <property name="sun.cpu.isalist" value=""/>
  </properties>
  <testcase name="testGetLoanWithSpicifiedID" classname="se.nackademin.librarytest.librarytestsystem.librarytestsystem.LoanRestServiceTest" time="1.658">
    <failure message="Status code should be 201  expected:&lt;201&gt; but was:&lt;400&gt;" type="java.lang.AssertionError"><![CDATA[java.lang.AssertionError: Status code should be 201  expected:<201> but was:<400>
	at org.junit.Assert.fail(Assert.java:88)
	at org.junit.Assert.failNotEquals(Assert.java:834)
	at org.junit.Assert.assertEquals(Assert.java:645)
	at se.nackademin.librarytest.librarytestsystem.librarytestsystem.LoanRestServiceTest.testGetLoanWithSpicifiedID(LoanRestServiceTest.java:138)
]]></failure>
    <system-out><![CDATA[Request method:	POST
Request path:	http://localhost:8080/librarytest-rest/users/
Proxy:			<none>
Request params:	<none>
Query params:	<none>
Form params:	<none>
Path params:	<none>
Multiparts:		<none>
Headers:		Accept=*/*
				Content-Type=application/json; charset=UTF-8
Cookies:		<none>
Body:
{
    "user": {
        "displayName": "646b",
        "password": "5740",
        "role": "LOANER",
        "firstName": "646b",
        "lastName": "c980",
        "phone": "f2e1",
        "email": "1019",
        "id": 252
    }
}
]]></system-out>
  </testcase>
  <testcase name="testGetAllaLoan" classname="se.nackademin.librarytest.librarytestsystem.librarytestsystem.LoanRestServiceTest" time="0.056"/>
  <testcase name="testDeleateLoan" classname="se.nackademin.librarytest.librarytestsystem.librarytestsystem.LoanRestServiceTest" time="0">
    <skipped/>
  </testcase>
  <testcase name="testUpdateLoanWithNewData" classname="se.nackademin.librarytest.librarytestsystem.librarytestsystem.LoanRestServiceTest" time="0.031">
    <failure message="Status code should be 201  expected:&lt;201&gt; but was:&lt;400&gt;" type="java.lang.AssertionError"><![CDATA[java.lang.AssertionError: Status code should be 201  expected:<201> but was:<400>
	at org.junit.Assert.fail(Assert.java:88)
	at org.junit.Assert.failNotEquals(Assert.java:834)
	at org.junit.Assert.assertEquals(Assert.java:645)
	at se.nackademin.librarytest.librarytestsystem.librarytestsystem.LoanRestServiceTest.testUpdateLoanWithNewData(LoanRestServiceTest.java:91)
]]></failure>
    <system-out><![CDATA[Request method:	POST
Request path:	http://localhost:8080/librarytest-rest/users/
Proxy:			<none>
Request params:	<none>
Query params:	<none>
Form params:	<none>
Path params:	<none>
Multiparts:		<none>
Headers:		Accept=*/*
				Content-Type=application/json; charset=UTF-8
Cookies:		<none>
Body:
{
    "user": {
        "displayName": "acc9",
        "password": "d2fc",
        "role": "LOANER",
        "firstName": "acc9",
        "lastName": "a50d",
        "phone": "a33e",
        "email": "c5f8",
        "id": 246
    }
}
]]></system-out>
  </testcase>
  <testcase name="testGetLoanoOfSpecifiedBookBySpecifiedUser" classname="se.nackademin.librarytest.librarytestsystem.librarytestsystem.LoanRestServiceTest" time="0.034">
    <failure message="Status code should be 201  expected:&lt;201&gt; but was:&lt;400&gt;" type="java.lang.AssertionError"><![CDATA[java.lang.AssertionError: Status code should be 201  expected:<201> but was:<400>
	at org.junit.Assert.fail(Assert.java:88)
	at org.junit.Assert.failNotEquals(Assert.java:834)
	at org.junit.Assert.assertEquals(Assert.java:645)
	at se.nackademin.librarytest.librarytestsystem.librarytestsystem.BookRestServiceTest.createBook(BookRestServiceTest.java:258)
	at se.nackademin.librarytest.librarytestsystem.librarytestsystem.LoanRestServiceTest.testGetLoanoOfSpecifiedBookBySpecifiedUser(LoanRestServiceTest.java:308)
]]></failure>
    <system-out><![CDATA[Request method:	POST
Request path:	http://localhost:8080/librarytest-rest/authors
Proxy:			<none>
Request params:	<none>
Query params:	<none>
Form params:	<none>
Path params:	<none>
Multiparts:		<none>
Headers:		Accept=*/*
				Content-Type=application/json; charset=UTF-8
Cookies:		<none>
Body:
{
    "author": {
        "id": 89,
        "firstName": "aa2a",
        "lastName": "47f5",
        "country": "7607",
        "bio": "bf9a72ac-7fff-47b5-8a79-643e1f826240",
        "authors": [
            
        ]
    }
}
]]></system-out>
  </testcase>
  <testcase name="testDeleteWithSpicifiedID" classname="se.nackademin.librarytest.librarytestsystem.librarytestsystem.LoanRestServiceTest" time="0.163"/>
  <testcase name="testCreateloan" classname="se.nackademin.librarytest.librarytestsystem.librarytestsystem.LoanRestServiceTest" time="0.083"/>
  <testcase name="testGetAllLoansOfTheSpecifiedBook" classname="se.nackademin.librarytest.librarytestsystem.librarytestsystem.LoanRestServiceTest" time="0.208">
    <failure message="Status code should be 201 expected:&lt;201&gt; but was:&lt;409&gt;" type="java.lang.AssertionError"><![CDATA[java.lang.AssertionError: Status code should be 201 expected:<201> but was:<409>
	at org.junit.Assert.fail(Assert.java:88)
	at org.junit.Assert.failNotEquals(Assert.java:834)
	at org.junit.Assert.assertEquals(Assert.java:645)
	at se.nackademin.librarytest.librarytestsystem.librarytestsystem.LoanRestServiceTest.testGetAllLoansOfTheSpecifiedBook(LoanRestServiceTest.java:293)
]]></failure>
    <system-out><![CDATA[Request method:	POST
Request path:	http://localhost:8080/librarytest-rest/users/
Proxy:			<none>
Request params:	<none>
Query params:	<none>
Form params:	<none>
Path params:	<none>
Multiparts:		<none>
Headers:		Accept=*/*
				Content-Type=application/json; charset=UTF-8
Cookies:		<none>
Body:
{
    "user": {
        "displayName": "304d",
        "password": "ad89",
        "role": "LOANER",
        "firstName": "304d",
        "lastName": "910c",
        "phone": "c21c",
        "email": "0663",
        "id": 215
    }
}
Request method:	POST
Request path:	http://localhost:8080/librarytest-rest/users/
Proxy:			<none>
Request params:	<none>
Query params:	<none>
Form params:	<none>
Path params:	<none>
Multiparts:		<none>
Headers:		Accept=*/*
				Content-Type=application/json; charset=UTF-8
Cookies:		<none>
Body:
{
    "user": {
        "displayName": "be91",
        "password": "8f03",
        "role": "LOANER",
        "firstName": "be91",
        "lastName": "b4c6",
        "phone": "c6c4",
        "email": "b386",
        "id": 62
    }
}
Request method:	POST
Request path:	http://localhost:8080/librarytest-rest/authors
Proxy:			<none>
Request params:	<none>
Query params:	<none>
Form params:	<none>
Path params:	<none>
Multiparts:		<none>
Headers:		Accept=*/*
				Content-Type=application/json; charset=UTF-8
Cookies:		<none>
Body:
{
    "author": {
        "id": 219,
        "firstName": "3ed6",
        "lastName": "fe7a",
        "country": "9c93",
        "bio": "441a6848-4864-47de-b1a8-bec48f049b5c",
        "authors": [
            
        ]
    }
}
Request method:	POST
Request path:	http://localhost:8080/librarytest-rest/books
Proxy:			<none>
Request params:	<none>
Query params:	<none>
Form params:	<none>
Path params:	<none>
Multiparts:		<none>
Headers:		Accept=*/*
				Content-Type=application/json; charset=UTF-8
Cookies:		<none>
Body:
{
    "book": {
        "id": 212,
        "description": "b9c3",
        "isbn": "7c5d",
        "nbrPages": 235,
        "publicationDate": "1995-04-02",
        "title": "20b9",
        "totalNbrCopies": 108,
        "author": {
            "id": 219,
            "firstName": "3ed6",
            "lastName": "fe7a",
            "country": "9c93",
            "bio": "441a6848-4864-47de-b1a8-bec48f049b5c",
            "authors": [
                
            ]
        }
    }
}
Request method:	POST
Request path:	http://localhost:8080/librarytest-rest/loans
Proxy:			<none>
Request params:	<none>
Query params:	<none>
Form params:	<none>
Path params:	<none>
Multiparts:		<none>
Headers:		Accept=*/*
				Content-Type=application/json; charset=UTF-8
Cookies:		<none>
Body:
{
    "loan": {
        "book": {
            "id": 212,
            "description": "b9c3",
            "isbn": "7c5d",
            "nbrPages": 235,
            "publicationDate": "1995-04-02",
            "title": "20b9",
            "totalNbrCopies": 108,
            "author": {
                "id": 219,
                "firstName": "3ed6",
                "lastName": "fe7a",
                "country": "9c93",
                "bio": "441a6848-4864-47de-b1a8-bec48f049b5c",
                "authors": [
                    
                ]
            }
        },
        "user": {
            "displayName": "304d",
            "password": "ad89",
            "role": "LOANER",
            "firstName": "304d",
            "lastName": "910c",
            "phone": "c21c",
            "email": "0663",
            "id": 215
        },
        "dateBorrowed": "1993-06-19",
        "dateDue": "1996-07-2",
        "id": 283
    }
}
new loan är skapad 201
Request method:	POST
Request path:	http://localhost:8080/librarytest-rest/loans
Proxy:			<none>
Request params:	<none>
Query params:	<none>
Form params:	<none>
Path params:	<none>
Multiparts:		<none>
Headers:		Accept=*/*
				Content-Type=application/json; charset=UTF-8
Cookies:		<none>
Body:
{
    "loan": {
        "book": {
            "id": 212,
            "description": "b9c3",
            "isbn": "7c5d",
            "nbrPages": 235,
            "publicationDate": "1995-04-02",
            "title": "20b9",
            "totalNbrCopies": 108,
            "author": {
                "id": 219,
                "firstName": "3ed6",
                "lastName": "fe7a",
                "country": "9c93",
                "bio": "441a6848-4864-47de-b1a8-bec48f049b5c",
                "authors": [
                    
                ]
            }
        },
        "user": {
            "displayName": "be91",
            "password": "8f03",
            "role": "LOANER",
            "firstName": "be91",
            "lastName": "b4c6",
            "phone": "c6c4",
            "email": "b386",
            "id": 62
        },
        "dateBorrowed": "1993-06-19",
        "dateDue": "1996-07-2",
        "id": 283
    }
}
new loan är skapad 409
]]></system-out>
  </testcase>
  <testcase name="testGetAllLoansOfTheSpecifiedUser" classname="se.nackademin.librarytest.librarytestsystem.librarytestsystem.LoanRestServiceTest" time="0.173"/>
</testsuite>