<?xml version="1.0" encoding="UTF-8"?>
<testsuite name="se.nackademin.librarytest.librarytestsystem.librarytestsystem.NegatirvUserRestServiceTest" time="2.737" tests="12" errors="0" skipped="0" failures="1">
  <properties>
    <property name="java.runtime.name" value="Java(TM) SE Runtime Environment"/>
    <property name="sun.boot.library.path" value="/usr/lib/jvm/java-8-oracle/jre/lib/i386"/>
    <property name="java.vm.version" value="25.121-b13"/>
    <property name="java.vm.vendor" value="Oracle Corporation"/>
    <property name="maven.multiModuleProjectDirectory" value="/home/testautom-nack/NetBeansProjects/librarytest/librarytestsystem"/>
    <property name="java.vendor.url" value="http://java.oracle.com/"/>
    <property name="path.separator" value=":"/>
    <property name="guice.disable.misplaced.annotation.check" value="true"/>
    <property name="java.vm.name" value="Java HotSpot(TM) Client VM"/>
    <property name="file.encoding.pkg" value="sun.io"/>
    <property name="user.country" value="US"/>
    <property name="sun.java.launcher" value="SUN_STANDARD"/>
    <property name="sun.os.patch.level" value="unknown"/>
    <property name="test" value="se.nackademin.librarytest.librarytestsystem.librarytestsystem.NegatirvUserRestServiceTest"/>
    <property name="java.vm.specification.name" value="Java Virtual Machine Specification"/>
    <property name="user.dir" value="/home/testautom-nack/NetBeansProjects/librarytest/librarytestsystem"/>
    <property name="java.runtime.version" value="1.8.0_121-b13"/>
    <property name="java.awt.graphicsenv" value="sun.awt.X11GraphicsEnvironment"/>
    <property name="java.endorsed.dirs" value="/usr/lib/jvm/java-8-oracle/jre/lib/endorsed"/>
    <property name="os.arch" value="i386"/>
    <property name="java.io.tmpdir" value="/tmp"/>
    <property name="line.separator" value="&#10;"/>
    <property name="java.vm.specification.vendor" value="Oracle Corporation"/>
    <property name="os.name" value="Linux"/>
    <property name="maven.ext.class.path" value="/home/testautom-nack/netbeans-8.2/java/maven-nblib/netbeans-eventspy.jar:/home/testautom-nack/netbeans-8.2/java/maven-nblib/netbeans-eventspy.jar"/>
    <property name="classworlds.conf" value="/usr/share/maven/bin/m2.conf"/>
    <property name="sun.jnu.encoding" value="UTF-8"/>
    <property name="java.library.path" value="/usr/lib/jvm/java-8-oracle/jre/lib/amd64:/usr/lib/jvm/java-8-oracle/jre/lib/i386::/usr/java/packages/lib/i386:/lib:/usr/lib"/>
    <property name="java.specification.name" value="Java Platform API Specification"/>
    <property name="java.class.version" value="52.0"/>
    <property name="sun.management.compiler" value="HotSpot Client Compiler"/>
    <property name="os.version" value="4.4.0-79-generic"/>
    <property name="user.home" value="/home/testautom-nack"/>
    <property name="user.timezone" value="Europe/Stockholm"/>
    <property name="java.awt.printerjob" value="sun.print.PSPrinterJob"/>
    <property name="java.specification.version" value="1.8"/>
    <property name="file.encoding" value="UTF-8"/>
    <property name="user.name" value="testautom-nack"/>
    <property name="java.class.path" value="/usr/share/maven/boot/plexus-classworlds-2.x.jar"/>
    <property name="java.vm.specification.version" value="1.8"/>
    <property name="sun.arch.data.model" value="32"/>
    <property name="java.home" value="/usr/lib/jvm/java-8-oracle/jre"/>
    <property name="sun.java.command" value="org.codehaus.plexus.classworlds.launcher.Launcher -Dtest=se.nackademin.librarytest.librarytestsystem.librarytestsystem.NegatirvUserRestServiceTest -Dmaven.ext.class.path=/home/testautom-nack/netbeans-8.2/java/maven-nblib/netbeans-eventspy.jar:/home/testautom-nack/netbeans-8.2/java/maven-nblib/netbeans-eventspy.jar surefire:test"/>
    <property name="java.specification.vendor" value="Oracle Corporation"/>
    <property name="user.language" value="en"/>
    <property name="awt.toolkit" value="sun.awt.X11.XToolkit"/>
    <property name="java.vm.info" value="mixed mode"/>
    <property name="java.version" value="1.8.0_121"/>
    <property name="java.ext.dirs" value="/usr/lib/jvm/java-8-oracle/jre/lib/ext:/usr/java/packages/lib/ext"/>
    <property name="securerandom.source" value="file:/dev/./urandom"/>
    <property name="sun.boot.class.path" value="/usr/lib/jvm/java-8-oracle/jre/lib/resources.jar:/usr/lib/jvm/java-8-oracle/jre/lib/rt.jar:/usr/lib/jvm/java-8-oracle/jre/lib/sunrsasign.jar:/usr/lib/jvm/java-8-oracle/jre/lib/jsse.jar:/usr/lib/jvm/java-8-oracle/jre/lib/jce.jar:/usr/lib/jvm/java-8-oracle/jre/lib/charsets.jar:/usr/lib/jvm/java-8-oracle/jre/lib/jfr.jar:/usr/lib/jvm/java-8-oracle/jre/classes"/>
    <property name="java.vendor" value="Oracle Corporation"/>
    <property name="maven.home" value="/usr/share/maven"/>
    <property name="file.separator" value="/"/>
    <property name="java.vendor.url.bug" value="http://bugreport.sun.com/bugreport/"/>
    <property name="sun.cpu.endian" value="little"/>
    <property name="sun.io.unicode.encoding" value="UnicodeLittle"/>
    <property name="sun.desktop" value="gnome"/>
    <property name="sun.cpu.isalist" value=""/>
  </properties>
  <testcase name="testCreateUserWithNoRole_StusCode400" classname="se.nackademin.librarytest.librarytestsystem.librarytestsystem.NegatirvUserRestServiceTest" time="1.502"/>
  <testcase name="testUpdateUserDisplayNameWhichExistInDB_StusCode400" classname="se.nackademin.librarytest.librarytestsystem.librarytestsystem.NegatirvUserRestServiceTest" time="0.658"/>
  <testcase name="testUpdateUserWhichNoExistInDB_StatusCode404" classname="se.nackademin.librarytest.librarytestsystem.librarytestsystem.NegatirvUserRestServiceTest" time="0.02"/>
  <testcase name="testDeleteUserWithSpecifiedIdNotFound_StatusCode404" classname="se.nackademin.librarytest.librarytestsystem.librarytestsystem.NegatirvUserRestServiceTest" time="0.019">
    <failure message="Status code should be 404 expected:&lt;404&gt; but was:&lt;204&gt;" type="java.lang.AssertionError"><![CDATA[java.lang.AssertionError: Status code should be 404 expected:<404> but was:<204>
	at org.junit.Assert.fail(Assert.java:88)
	at org.junit.Assert.failNotEquals(Assert.java:834)
	at org.junit.Assert.assertEquals(Assert.java:645)
	at se.nackademin.librarytest.librarytestsystem.librarytestsystem.NegatirvUserRestServiceTest.testDeleteUserWithSpecifiedIdNotFound_StatusCode404(NegatirvUserRestServiceTest.java:307)
]]></failure>
  </testcase>
  <testcase name="testCreateUserWithNoPassword_StusCode400" classname="se.nackademin.librarytest.librarytestsystem.librarytestsystem.NegatirvUserRestServiceTest" time="0.016"/>
  <testcase name="testCreateUserWithNoDisplayName_StusCode400" classname="se.nackademin.librarytest.librarytestsystem.librarytestsystem.NegatirvUserRestServiceTest" time="0.018"/>
  <testcase name="testUpdateUserWithNoPassword_StusCode400" classname="se.nackademin.librarytest.librarytestsystem.librarytestsystem.NegatirvUserRestServiceTest" time="0.168"/>
  <testcase name="testUpdateUserWithNoRole_StusCode400" classname="se.nackademin.librarytest.librarytestsystem.librarytestsystem.NegatirvUserRestServiceTest" time="0.038"/>
  <testcase name="testCreateUserWithIDInDB_StusCode400" classname="se.nackademin.librarytest.librarytestsystem.librarytestsystem.NegatirvUserRestServiceTest" time="0.128"/>
  <testcase name="testUpdateUserWithNoDisplayName_StusCode400" classname="se.nackademin.librarytest.librarytestsystem.librarytestsystem.NegatirvUserRestServiceTest" time="0.059"/>
  <testcase name="testGetUserWithSpecifiedIdNotFound_StatusCode404" classname="se.nackademin.librarytest.librarytestsystem.librarytestsystem.NegatirvUserRestServiceTest" time="0.017"/>
  <testcase name="testCreateUserDisplayNameWhichExistInDB_StusCode400" classname="se.nackademin.librarytest.librarytestsystem.librarytestsystem.NegatirvUserRestServiceTest" time="0.094"/>
</testsuite>